Start testing: May 19 17:17 MSK
----------------------------------------------------------
1/1 Testing: check
1/1 Test: check
Command: "/home/georgiy/3Wc4YEM5/RK2/_build/check"
Directory: /home/georgiy/3Wc4YEM5/RK2/_build
"check" start time: May 19 17:17 MSK
Output:
----------------------------------------------------------
Running main() from /home/georgiy/3Wc4YEM5/RK2/third-party/gtest/googletest/src/gtest_main.cc
[==========] Running 3 tests from 3 test suites.
[----------] Global test environment set-up.
[----------] 1 test from EnemyAgentTest
[ RUN      ] EnemyAgentTest.GotShot
[       OK ] EnemyAgentTest.GotShot (0 ms)
[----------] 1 test from EnemyAgentTest (0 ms total)

[----------] 1 test from BonusAgentTest
[ RUN      ] BonusAgentTest.Hit
[       OK ] BonusAgentTest.Hit (0 ms)
[----------] 1 test from BonusAgentTest (0 ms total)

[----------] 1 test from FactoryTest
[ RUN      ] FactoryTest.CreateAgents
pos: 1
pos: 8
[       OK ] FactoryTest.CreateAgents (0 ms)
[----------] 1 test from FactoryTest (0 ms total)

[----------] Global test environment tear-down
[==========] 3 tests from 3 test suites ran. (0 ms total)
[  PASSED  ] 3 tests.
<end of output>
Test time =   0.00 sec
----------------------------------------------------------
Test Passed.
"check" end time: May 19 17:17 MSK
"check" time elapsed: 00:00:00
----------------------------------------------------------

End testing: May 19 17:17 MSK
