Start testing: May 19 16:53 MSK
----------------------------------------------------------
1/1 Testing: check
1/1 Test: check
Command: "/home/georgiy/3Wc4YEM5/RK2/_build/check"
Directory: /home/georgiy/3Wc4YEM5/RK2/_build
"check" start time: May 19 16:53 MSK
Output:
----------------------------------------------------------
Running main() from /home/georgiy/3Wc4YEM5/RK2/third-party/gtest/googletest/src/gtest_main.cc
[==========] Running 0 tests from 0 test suites.
[==========] 0 tests from 0 test suites ran. (0 ms total)
[  PASSED  ] 0 tests.
<end of output>
Test time =   0.01 sec
----------------------------------------------------------
Test Passed.
"check" end time: May 19 16:53 MSK
"check" time elapsed: 00:00:00
----------------------------------------------------------

End testing: May 19 16:53 MSK
